<?xml version="1.0" encoding="UTF-8"?>
<testng-results ignored="0" total="3" passed="3" failed="0" skipped="0">
  <reporter-output>
    <line>
      <![CDATA[hello java]]>
    </line>
    <line>
      <![CDATA[hello selenium]]>
    </line>
    <line>
      <![CDATA[hello python]]>
    </line>
  </reporter-output>
  <suite started-at="2023-10-18T18:01:51 IST" name="Suite" finished-at="2023-10-18T18:01:51 IST" duration-ms="52">
    <groups>
    </groups>
    <test started-at="2023-10-18T18:01:51 IST" name="Test" finished-at="2023-10-18T18:01:51 IST" duration-ms="52">
      <class name="script.Testcase1">
        <test-method signature="tc1()[pri:0, instance:script.Testcase1@5223e5ee]" started-at="2023-10-18T18:01:51 IST" name="tc1" finished-at="2023-10-18T18:01:51 IST" duration-ms="3" status="PASS">
          <reporter-output>
            <line>
              <![CDATA[hello selenium]]>
            </line>
          </reporter-output>
        </test-method> <!-- tc1 -->
      </class> <!-- script.Testcase1 -->
      <class name="script.Testcase2">
        <test-method signature="tc2()[pri:0, instance:script.Testcase2@bef2d72]" started-at="2023-10-18T18:01:51 IST" name="tc2" finished-at="2023-10-18T18:01:51 IST" duration-ms="2" status="PASS">
          <reporter-output>
            <line>
              <![CDATA[hello python]]>
            </line>
          </reporter-output>
        </test-method> <!-- tc2 -->
      </class> <!-- script.Testcase2 -->
      <class name="script.Testcase3">
        <test-method signature="tc1()[pri:0, instance:script.Testcase3@78b66d36]" started-at="2023-10-18T18:01:51 IST" name="tc1" finished-at="2023-10-18T18:01:51 IST" duration-ms="12" status="PASS">
          <reporter-output>
            <line>
              <![CDATA[hello java]]>
            </line>
          </reporter-output>
        </test-method> <!-- tc1 -->
      </class> <!-- script.Testcase3 -->
    </test> <!-- Test -->
  </suite> <!-- Suite -->
</testng-results>
